{"/Users/mateorey/hello-unit-test/src/index.js": {"path":"/Users/mateorey/hello-unit-test/src/index.js","statementMap":{"0":{"start":{"line":2,"column":4},"end":{"line":7,"column":5}},"1":{"start":{"line":3,"column":8},"end":{"line":3,"column":40}},"2":{"start":{"line":5,"column":18},"end":{"line":5,"column":23}},"3":{"start":{"line":6,"column":8},"end":{"line":6,"column":19}}},"fnMap":{"0":{"name":"multiply","decl":{"start":{"line":1,"column":16},"end":{"line":1,"column":24}},"loc":{"start":{"line":1,"column":30},"end":{"line":8,"column":1}},"line":1}},"branchMap":{"0":{"loc":{"start":{"line":2,"column":4},"end":{"line":7,"column":5}},"type":"if","locations":[{"start":{"line":2,"column":4},"end":{"line":7,"column":5}},{"start":{"line":4,"column":11},"end":{"line":7,"column":5}}],"line":2},"1":{"loc":{"start":{"line":2,"column":8},"end":{"line":2,"column":16}},"type":"binary-expr","locations":[{"start":{"line":2,"column":8},"end":{"line":2,"column":10}},{"start":{"line":2,"column":14},"end":{"line":2,"column":16}}],"line":2}},"s":{"0":1,"1":0,"2":1,"3":1},"f":{"0":1},"b":{"0":[0,1],"1":[1,1]},"_coverageSchema":"1a1c01bbd47fc00a2c39e90264f33305004495a9","hash":"8096057782e853fe800691adfac8f411e1580a67"}
}
